

*******************************************************************************
Mon Mar 25 12:16:31 2019


FIT:    data read from 'ent_scal_FermionicHaldane_Honeycomb_neel_tile_empty_full_chi_400_t_-1_U_0_mu_0_V_1_Lx_1_Ly_3_6.dat' u 1:2
        format = x:z
        x range restricted to [0.00000 : *]
        #datapoints = 2
        residuals are weighted equally (unit weight)

function used for fitting: f(x)
	f(x) = a*x + b
fitted parameters initialized with current variable values

iter      chisq       delta/lim  lambda   a             b            
   0 3.0559774980e+01   0.00e+00  3.43e+00    1.000000e+00   1.000000e+00
   6 0.0000000000e+00  -inf       3.43e-06    3.873247e-01  -4.234315e-02

After 6 iterations the fit converged.
final sum of squares of residuals : 0
abs. change during last iteration : -1.11328e-27


Exactly as many data points as there are parameters.
In this degenerate case, all errors are zero by definition.

Final set of parameters 
======================= 

a               = 0.387325       
b               = -0.0423431     


*******************************************************************************
Mon Mar 25 12:16:31 2019


FIT:    data read from 'ent_scal_FermionicHaldane_Honeycomb_neel_tile_empty_full_chi_400_t_-1_U_0_mu_0_V_1_Lx_1_Ly_3_6.dat' u 1:3
        format = x:z
        x range restricted to [0.00000 : *]
        #datapoints = 2
        residuals are weighted equally (unit weight)

function used for fitting: g(x)
	g(x) = c*x + d
fitted parameters initialized with current variable values

iter      chisq       delta/lim  lambda   c             d            
   0 4.6256489098e+01   0.00e+00  3.43e+00    1.000000e+00   1.000000e+00
   6 0.0000000000e+00  -inf       3.43e-06    2.712096e-01  -4.037313e-01

After 6 iterations the fit converged.
final sum of squares of residuals : 0
abs. change during last iteration : -2.0866e-27


Exactly as many data points as there are parameters.
In this degenerate case, all errors are zero by definition.

Final set of parameters 
======================= 

c               = 0.27121        
d               = -0.403731      


*******************************************************************************
Mon Mar 25 12:17:25 2019


FIT:    data read from 'ent_scal_FermionicHaldane_Honeycomb_neel_tile_empty_full_chi_400_t_-1_U_0_mu_0_V_1_Lx_1_Ly_3_6.dat' u 1:2
        format = x:z
        x range restricted to [0.00000 : *]
        #datapoints = 2
        residuals are weighted equally (unit weight)

function used for fitting: f(x)
	f(x) = a*x + b
fitted parameters initialized with current variable values

iter      chisq       delta/lim  lambda   a             b            
   0 3.0559774980e+01   0.00e+00  3.43e+00    1.000000e+00   1.000000e+00
   6 0.0000000000e+00  -inf       3.43e-06    3.873247e-01  -4.234315e-02

After 6 iterations the fit converged.
final sum of squares of residuals : 0
abs. change during last iteration : -1.11328e-27


Exactly as many data points as there are parameters.
In this degenerate case, all errors are zero by definition.

Final set of parameters 
======================= 

a               = 0.387325       
b               = -0.0423431     


*******************************************************************************
Mon Mar 25 12:17:25 2019


FIT:    data read from 'ent_scal_FermionicHaldane_Honeycomb_neel_tile_empty_full_chi_400_t_-1_U_0_mu_0_V_1_Lx_1_Ly_3_6.dat' u 1:3
        format = x:z
        x range restricted to [0.00000 : *]
        #datapoints = 2
        residuals are weighted equally (unit weight)

function used for fitting: g(x)
	g(x) = c*x + d
fitted parameters initialized with current variable values

iter      chisq       delta/lim  lambda   c             d            
   0 4.6256489098e+01   0.00e+00  3.43e+00    1.000000e+00   1.000000e+00
   6 0.0000000000e+00  -inf       3.43e-06    2.712096e-01  -4.037313e-01

After 6 iterations the fit converged.
final sum of squares of residuals : 0
abs. change during last iteration : -2.0866e-27


Exactly as many data points as there are parameters.
In this degenerate case, all errors are zero by definition.

Final set of parameters 
======================= 

c               = 0.27121        
d               = -0.403731      


*******************************************************************************
Mon Mar 25 14:43:48 2019


FIT:    data read from 'ent_scal_FermionicHaldane_Honeycomb_neel_tile_empty_full_chi_400_t_-1_U_0_mu_0_V_1_Lx_1_Ly_3_6.dat' u 1:2
        format = x:z
        x range restricted to [0.00000 : *]
        #datapoints = 2
        residuals are weighted equally (unit weight)

function used for fitting: f(x)
	f(x) = a*x + b
fitted parameters initialized with current variable values

iter      chisq       delta/lim  lambda   a             b            
   0 3.0559774980e+01   0.00e+00  3.43e+00    1.000000e+00   1.000000e+00
   6 0.0000000000e+00  -inf       3.43e-06    3.873247e-01  -4.234315e-02

After 6 iterations the fit converged.
final sum of squares of residuals : 0
abs. change during last iteration : -1.11328e-27


Exactly as many data points as there are parameters.
In this degenerate case, all errors are zero by definition.

Final set of parameters 
======================= 

a               = 0.387325       
b               = -0.0423431     


*******************************************************************************
Mon Mar 25 14:43:48 2019


FIT:    data read from 'ent_scal_FermionicHaldane_Honeycomb_neel_tile_empty_full_chi_400_t_-1_U_0_mu_0_V_1_Lx_1_Ly_3_6.dat' u 1:3
        format = x:z
        x range restricted to [0.00000 : *]
        #datapoints = 2
        residuals are weighted equally (unit weight)

function used for fitting: g(x)
	g(x) = c*x + d
fitted parameters initialized with current variable values

iter      chisq       delta/lim  lambda   c             d            
   0 4.6256489098e+01   0.00e+00  3.43e+00    1.000000e+00   1.000000e+00
   6 0.0000000000e+00  -inf       3.43e-06    2.712096e-01  -4.037313e-01

After 6 iterations the fit converged.
final sum of squares of residuals : 0
abs. change during last iteration : -2.0866e-27


Exactly as many data points as there are parameters.
In this degenerate case, all errors are zero by definition.

Final set of parameters 
======================= 

c               = 0.27121        
d               = -0.403731      
